{
  "hash": "0x2ab70504b95121ef17c872a9e19fc48fbe14045c28117c5f9d81063d8d3a839f",
  "logs": [
    {
      "address": "0xc02aaa39b223fe8d0a0e5c4f27ead9083c756cc2",
      "topics": [
        "0xddf252ad1be2c89b69c2b068fc378daa952ba7f163c4a11628f55a4df523b3ef",
        "0x000000000000000000000000571a8e0874292c1336f970fd44cb502d81c3a717",
        "0x000000000000000000000000944b3baca1c4a28425e5c0554ef68d6666b45405"
      ],
      "data": "0x00000000000000000000000000000000000000000000000009c9ad697ebddcea"
    },
    {
      "address": "0x642ac912a58428767fa14a26a749f9a1b001ba92",
      "topics": [
        "0xddf252ad1be2c89b69c2b068fc378daa952ba7f163c4a11628f55a4df523b3ef",
        "0x000000000000000000000000944b3baca1c4a28425e5c0554ef68d6666b45405",
        "0x000000000000000000000000642ac912a58428767fa14a26a749f9a1b001ba92"
      ],
      "data": "0x000000000000000000000000000000000000000000000000118c76a31bdfb6b4"
    },
    {
      "address": "0x642ac912a58428767fa14a26a749f9a1b001ba92",
      "topics": [
        "0xddf252ad1be2c89b69c2b068fc378daa952ba7f163c4a11628f55a4df523b3ef",
        "0x000000000000000000000000944b3baca1c4a28425e5c0554ef68d6666b45405",
        "0x000000000000000000000000571a8e0874292c1336f970fd44cb502d81c3a717"
      ],
      "data": "0x000000000000000000000000000000000000000000000006c951e113c783b4c8"
    },
    {
      "address": "0x944b3baca1c4a28425e5c0554ef68d6666b45405",
      "topics": [
        "0x1c411e9a96e071241c2f21f7726b17ae89e3cab4c78be50e062b03a9fffbbad1"
      ],
      "data": "0x0000000000000000000000000000000000000000000000c9d75cbb57d0c24bce000000000000000000000000000000000000000000000001291ef41d1e8aaf0b"
    },
    {
      "address": "0x944b3baca1c4a28425e5c0554ef68d6666b45405",
      "topics": [
        "0xd78ad95fa46c994b6551d0da85fc275fe613ce37657fb8d5e3d130840159d822",
        "0x000000000000000000000000571a8e0874292c1336f970fd44cb502d81c3a717",
        "0x000000000000000000000000571a8e0874292c1336f970fd44cb502d81c3a717"
      ],
      "data": "0x000000000000000000000000000000000000000000000000000000000000000000000000000000000000000000000000000000000000000009c9ad697ebddcea000000000000000000000000000000000000000000000006dade57b6e3636b7c0000000000000000000000000000000000000000000000000000000000000000"
    },
    {
      "address": "0x3b3ae790df4f312e745d270119c6052904fb6790",
      "topics": [
        "0x7724394874fdd8ad13292ec739b441f85c6559f10dc4141b8d4c0fa4cbf55bdb"
      ],
      "data": "0x0000000000000000000000000000000000000000000000000000000000000000"
    },
    {
      "address": "0xc02aaa39b223fe8d0a0e5c4f27ead9083c756cc2",
      "topics": [
        "0xddf252ad1be2c89b69c2b068fc378daa952ba7f163c4a11628f55a4df523b3ef",
        "0x0000000000000000000000001bd756598ed6e3ab6584bb869c0752c9dd308a48",
        "0x000000000000000000000000944b3baca1c4a28425e5c0554ef68d6666b45405"
      ],
      "data": "0x0000000000000000000000000000000000000000000000000c956e23cb600000"
    },
    {
      "address": "0x642ac912a58428767fa14a26a749f9a1b001ba92",
      "topics": [
        "0xddf252ad1be2c89b69c2b068fc378daa952ba7f163c4a11628f55a4df523b3ef",
        "0x000000000000000000000000944b3baca1c4a28425e5c0554ef68d6666b45405",
        "0x000000000000000000000000642ac912a58428767fa14a26a749f9a1b001ba92"
      ],
      "data": "0x00000000000000000000000000000000000000000000000014ef305037a43254"
    },
    {
      "address": "0x642ac912a58428767fa14a26a749f9a1b001ba92",
      "topics": [
        "0xddf252ad1be2c89b69c2b068fc378daa952ba7f163c4a11628f55a4df523b3ef",
        "0x000000000000000000000000944b3baca1c4a28425e5c0554ef68d6666b45405",
        "0x0000000000000000000000001bd756598ed6e3ab6584bb869c0752c9dd308a48"
      ],
      "data": "0x000000000000000000000000000000000000000000000008187faf05847f9689"
    },
    {
      "address": "0x944b3baca1c4a28425e5c0554ef68d6666b45405",
      "topics": [
        "0x1c411e9a96e071241c2f21f7726b17ae89e3cab4c78be50e062b03a9fffbbad1"
      ],
      "data": "0x0000000000000000000000000000000000000000000000c1a9eddc02149e82f100000000000000000000000000000000000000000000000135b46240e9eaaf0b"
    },
    {
      "address": "0x944b3baca1c4a28425e5c0554ef68d6666b45405",
      "topics": [
        "0xd78ad95fa46c994b6551d0da85fc275fe613ce37657fb8d5e3d130840159d822",
        "0x0000000000000000000000003b3ae790df4f312e745d270119c6052904fb6790",
        "0x0000000000000000000000001bd756598ed6e3ab6584bb869c0752c9dd308a48"
      ],
      "data": "0x00000000000000000000000000000000000000000000000000000000000000000000000000000000000000000000000000000000000000000c956e23cb6000000000000000000000000000000000000000000000000000082d6edf55bc23c8dd0000000000000000000000000000000000000000000000000000000000000000"
    },
    {
      "address": "0x3b3ae790df4f312e745d270119c6052904fb6790",
      "topics": [
        "0x1bb43f2da90e35f7b0cf38521ca95a49e68eb42fac49924930a5bd73cdf7576c"
      ],
      "data": "0x000000000000000000000000c02aaa39b223fe8d0a0e5c4f27ead9083c756cc2000000000000000000000000642ac912a58428767fa14a26a749f9a1b001ba920000000000000000000000001bd756598ed6e3ab6584bb869c0752c9dd308a480000000000000000000000000000000000000000000000000c956e23cb6000000000000000000000000000000000000000000000000000082d6edf55bc23c8dd"
    },
    {
      "address": "0x642ac912a58428767fa14a26a749f9a1b001ba92",
      "topics": [
        "0xddf252ad1be2c89b69c2b068fc378daa952ba7f163c4a11628f55a4df523b3ef",
        "0x000000000000000000000000571a8e0874292c1336f970fd44cb502d81c3a717",
        "0x000000000000000000000000642ac912a58428767fa14a26a749f9a1b001ba92"
      ],
      "data": "0x00000000000000000000000000000000000000000000000022bf13dc8e3af3f8"
    },
    {
      "address": "0x642ac912a58428767fa14a26a749f9a1b001ba92",
      "topics": [
        "0xddf252ad1be2c89b69c2b068fc378daa952ba7f163c4a11628f55a4df523b3ef",
        "0x000000000000000000000000571a8e0874292c1336f970fd44cb502d81c3a717",
        "0x000000000000000000000000944b3baca1c4a28425e5c0554ef68d6666b45405"
      ],
      "data": "0x000000000000000000000000000000000000000000000006a692cd373948c0d0"
    },
    {
      "address": "0xc02aaa39b223fe8d0a0e5c4f27ead9083c756cc2",
      "topics": [
        "0xddf252ad1be2c89b69c2b068fc378daa952ba7f163c4a11628f55a4df523b3ef",
        "0x000000000000000000000000944b3baca1c4a28425e5c0554ef68d6666b45405",
        "0x000000000000000000000000571a8e0874292c1336f970fd44cb502d81c3a717"
      ],
      "data": "0x0000000000000000000000000000000000000000000000000a40b32cd641b8e7"
    },
    {
      "address": "0x944b3baca1c4a28425e5c0554ef68d6666b45405",
      "topics": [
        "0x1c411e9a96e071241c2f21f7726b17ae89e3cab4c78be50e062b03a9fffbbad1"
      ],
      "data": "0x0000000000000000000000000000000000000000000000c85080a9394de743c10000000000000000000000000000000000000000000000012b73af1413a8f624"
    },
    {
      "address": "0x944b3baca1c4a28425e5c0554ef68d6666b45405",
      "topics": [
        "0xd78ad95fa46c994b6551d0da85fc275fe613ce37657fb8d5e3d130840159d822",
        "0x000000000000000000000000571a8e0874292c1336f970fd44cb502d81c3a717",
        "0x000000000000000000000000571a8e0874292c1336f970fd44cb502d81c3a717"
      ],
      "data": "0x000000000000000000000000000000000000000000000006a692cd373948c0d0000000000000000000000000000000000000000000000000000000000000000000000000000000000000000000000000000000000000000000000000000000000000000000000000000000000000000000000000000000000a40b32cd641b8e7"
    },
    {
      "address": "0xc02aaa39b223fe8d0a0e5c4f27ead9083c756cc2",
      "topics": [
        "0x7fcf532c15f0a6db0bd6d0e038bea71d30d808c7d98cb3bf7268a95bf5081b65",
        "0x000000000000000000000000571a8e0874292c1336f970fd44cb502d81c3a717"
      ],
      "data": "0x0000000000000000000000000000000000000000000000000064c1d1947942b1"
    }
  ],
  "txs": null
}
{
  "hash": "0x034be2574030f68f498b22a29f8f8851b0d94986d7b34f35446d6890bc198468",
  "logs": [
    {
      "address": "0xc02aaa39b223fe8d0a0e5c4f27ead9083c756cc2",
      "topics": [
        "0xddf252ad1be2c89b69c2b068fc378daa952ba7f163c4a11628f55a4df523b3ef",
        "0x000000000000000000000000571a8e0874292c1336f970fd44cb502d81c3a717",
        "0x000000000000000000000000944b3baca1c4a28425e5c0554ef68d6666b45405"
      ],
      "data": "0x00000000000000000000000000000000000000000000000009c9ad697ebddcea"
    },
    {
      "address": "0x642ac912a58428767fa14a26a749f9a1b001ba92",
      "topics": [
        "0xddf252ad1be2c89b69c2b068fc378daa952ba7f163c4a11628f55a4df523b3ef",
        "0x000000000000000000000000944b3baca1c4a28425e5c0554ef68d6666b45405",
        "0x000000000000000000000000642ac912a58428767fa14a26a749f9a1b001ba92"
      ],
      "data": "0x000000000000000000000000000000000000000000000000118c76a31bdfb6b4"
    },
    {
      "address": "0x642ac912a58428767fa14a26a749f9a1b001ba92",
      "topics": [
        "0xddf252ad1be2c89b69c2b068fc378daa952ba7f163c4a11628f55a4df523b3ef",
        "0x000000000000000000000000944b3baca1c4a28425e5c0554ef68d6666b45405",
        "0x000000000000000000000000571a8e0874292c1336f970fd44cb502d81c3a717"
      ],
      "data": "0x000000000000000000000000000000000000000000000006c951e113c783b4c8"
    },
    {
      "address": "0x944b3baca1c4a28425e5c0554ef68d6666b45405",
      "topics": [
        "0x1c411e9a96e071241c2f21f7726b17ae89e3cab4c78be50e062b03a9fffbbad1"
      ],
      "data": "0x0000000000000000000000000000000000000000000000c9d75cbb57d0c24bce000000000000000000000000000000000000000000000001291ef41d1e8aaf0b"
    },
    {
      "address": "0x944b3baca1c4a28425e5c0554ef68d6666b45405",
      "topics": [
        "0xd78ad95fa46c994b6551d0da85fc275fe613ce37657fb8d5e3d130840159d822",
        "0x000000000000000000000000571a8e0874292c1336f970fd44cb502d81c3a717",
        "0x000000000000000000000000571a8e0874292c1336f970fd44cb502d81c3a717"
      ],
      "data": "0x000000000000000000000000000000000000000000000000000000000000000000000000000000000000000000000000000000000000000009c9ad697ebddcea000000000000000000000000000000000000000000000006dade57b6e3636b7c0000000000000000000000000000000000000000000000000000000000000000"
    },
    {
      "address": "0x3b3ae790df4f312e745d270119c6052904fb6790",
      "topics": [
        "0x7724394874fdd8ad13292ec739b441f85c6559f10dc4141b8d4c0fa4cbf55bdb"
      ],
      "data": "0x0000000000000000000000000000000000000000000000000000000000000000"
    },
    {
      "address": "0xc02aaa39b223fe8d0a0e5c4f27ead9083c756cc2",
      "topics": [
        "0xddf252ad1be2c89b69c2b068fc378daa952ba7f163c4a11628f55a4df523b3ef",
        "0x0000000000000000000000001bd756598ed6e3ab6584bb869c0752c9dd308a48",
        "0x000000000000000000000000944b3baca1c4a28425e5c0554ef68d6666b45405"
      ],
      "data": "0x0000000000000000000000000000000000000000000000000c956e23cb600000"
    },
    {
      "address": "0x642ac912a58428767fa14a26a749f9a1b001ba92",
      "topics": [
        "0xddf252ad1be2c89b69c2b068fc378daa952ba7f163c4a11628f55a4df523b3ef",
        "0x000000000000000000000000944b3baca1c4a28425e5c0554ef68d6666b45405",
        "0x000000000000000000000000642ac912a58428767fa14a26a749f9a1b001ba92"
      ],
      "data": "0x00000000000000000000000000000000000000000000000014ef305037a43254"
    },
    {
      "address": "0x642ac912a58428767fa14a26a749f9a1b001ba92",
      "topics": [
        "0xddf252ad1be2c89b69c2b068fc378daa952ba7f163c4a11628f55a4df523b3ef",
        "0x000000000000000000000000944b3baca1c4a28425e5c0554ef68d6666b45405",
        "0x0000000000000000000000001bd756598ed6e3ab6584bb869c0752c9dd308a48"
      ],
      "data": "0x000000000000000000000000000000000000000000000008187faf05847f9689"
    },
    {
      "address": "0x944b3baca1c4a28425e5c0554ef68d6666b45405",
      "topics": [
        "0x1c411e9a96e071241c2f21f7726b17ae89e3cab4c78be50e062b03a9fffbbad1"
      ],
      "data": "0x0000000000000000000000000000000000000000000000c1a9eddc02149e82f100000000000000000000000000000000000000000000000135b46240e9eaaf0b"
    },
    {
      "address": "0x944b3baca1c4a28425e5c0554ef68d6666b45405",
      "topics": [
        "0xd78ad95fa46c994b6551d0da85fc275fe613ce37657fb8d5e3d130840159d822",
        "0x0000000000000000000000003b3ae790df4f312e745d270119c6052904fb6790",
        "0x0000000000000000000000001bd756598ed6e3ab6584bb869c0752c9dd308a48"
      ],
      "data": "0x00000000000000000000000000000000000000000000000000000000000000000000000000000000000000000000000000000000000000000c956e23cb6000000000000000000000000000000000000000000000000000082d6edf55bc23c8dd0000000000000000000000000000000000000000000000000000000000000000"
    },
    {
      "address": "0x3b3ae790df4f312e745d270119c6052904fb6790",
      "topics": [
        "0x1bb43f2da90e35f7b0cf38521ca95a49e68eb42fac49924930a5bd73cdf7576c"
      ],
      "data": "0x000000000000000000000000c02aaa39b223fe8d0a0e5c4f27ead9083c756cc2000000000000000000000000642ac912a58428767fa14a26a749f9a1b001ba920000000000000000000000001bd756598ed6e3ab6584bb869c0752c9dd308a480000000000000000000000000000000000000000000000000c956e23cb6000000000000000000000000000000000000000000000000000082d6edf55bc23c8dd"
    },
    {
      "address": "0x642ac912a58428767fa14a26a749f9a1b001ba92",
      "topics": [
        "0xddf252ad1be2c89b69c2b068fc378daa952ba7f163c4a11628f55a4df523b3ef",
        "0x000000000000000000000000571a8e0874292c1336f970fd44cb502d81c3a717",
        "0x000000000000000000000000642ac912a58428767fa14a26a749f9a1b001ba92"
      ],
      "data": "0x00000000000000000000000000000000000000000000000022bf13dc8e3af3f8"
    },
    {
      "address": "0x642ac912a58428767fa14a26a749f9a1b001ba92",
      "topics": [
        "0xddf252ad1be2c89b69c2b068fc378daa952ba7f163c4a11628f55a4df523b3ef",
        "0x000000000000000000000000571a8e0874292c1336f970fd44cb502d81c3a717",
        "0x000000000000000000000000944b3baca1c4a28425e5c0554ef68d6666b45405"
      ],
      "data": "0x000000000000000000000000000000000000000000000006a692cd373948c0d0"
    },
    {
      "address": "0xc02aaa39b223fe8d0a0e5c4f27ead9083c756cc2",
      "topics": [
        "0xddf252ad1be2c89b69c2b068fc378daa952ba7f163c4a11628f55a4df523b3ef",
        "0x000000000000000000000000944b3baca1c4a28425e5c0554ef68d6666b45405",
        "0x000000000000000000000000571a8e0874292c1336f970fd44cb502d81c3a717"
      ],
      "data": "0x0000000000000000000000000000000000000000000000000a40b32cd641b8e7"
    },
    {
      "address": "0x944b3baca1c4a28425e5c0554ef68d6666b45405",
      "topics": [
        "0x1c411e9a96e071241c2f21f7726b17ae89e3cab4c78be50e062b03a9fffbbad1"
      ],
      "data": "0x0000000000000000000000000000000000000000000000c85080a9394de743c10000000000000000000000000000000000000000000000012b73af1413a8f624"
    },
    {
      "address": "0x944b3baca1c4a28425e5c0554ef68d6666b45405",
      "topics": [
        "0xd78ad95fa46c994b6551d0da85fc275fe613ce37657fb8d5e3d130840159d822",
        "0x000000000000000000000000571a8e0874292c1336f970fd44cb502d81c3a717",
        "0x000000000000000000000000571a8e0874292c1336f970fd44cb502d81c3a717"
      ],
      "data": "0x000000000000000000000000000000000000000000000006a692cd373948c0d0000000000000000000000000000000000000000000000000000000000000000000000000000000000000000000000000000000000000000000000000000000000000000000000000000000000000000000000000000000000a40b32cd641b8e7"
    },
    {
      "address": "0xc02aaa39b223fe8d0a0e5c4f27ead9083c756cc2",
      "topics": [
        "0x7fcf532c15f0a6db0bd6d0e038bea71d30d808c7d98cb3bf7268a95bf5081b65",
        "0x000000000000000000000000571a8e0874292c1336f970fd44cb502d81c3a717"
      ],
      "data": "0x0000000000000000000000000000000000000000000000000064c19931a0a638"
    }
  ],
  "txs": null
}
{
  "hash": "0xc91e58379fda292d84a1a37f7b952ed20513f9497fe3c1bf913c6c86e26aec7c",
  "logs": [
    {
      "address": "0xe8f9102364d4707451eda37ae19a0b25adf15c53",
      "topics": [
        "0xd78ad95fa46c994b6551d0da85fc275fe613ce37657fb8d5e3d130840159d822",
        "0x0000000000000000000000000000000000000000000000000000000000000000",
        "0x0000000000000000000000000000000000000000000000000000000000000000"
      ],
      "data": "0x"
    }
  ],
  "txs": null
}
{
  "hash": "0x13d6afcf00047abfe467e1048caa902a27dfa510297a72469cb8b6100cf4c3f2",
  "logs": [
    {
      "address": "0x329c3bf293c22b59579a15e3dfe218cf5f03bfed",
      "topics": [
        "0xd78ad95fa46c994b6551d0da85fc275fe613ce37657fb8d5e3d130840159d822",
        "0x0000000000000000000000000000000000000000000000000000000000000000",
        "0x0000000000000000000000000000000000000000000000000000000000000000"
      ],
      "data": "0x"
    }
  ],
  "txs": null
}
{
  "hash": "0x220696761bab8cf843f397f9ccb0d7c40178f79697b2eaf14207ddf0e19d654b",
  "logs": [
    {
      "address": "0x944b3baca1c4a28425e5c0554ef68d6666b45405",
      "topics": [
        "0xd78ad95fa46c994b6551d0da85fc275fe613ce37657fb8d5e3d130840159d822",
        "0x0000000000000000000000000000000000000000000000000000000000000000",
        "0x0000000000000000000000000000000000000000000000000000000000000000"
      ],
      "data": "0x"
    }
  ],
  "txs": null
}
